Change Component Designator: Old Designator=C? New Designator=C77
Change Component Designator: Old Designator=C? New Designator=C78
Change Component Designator: Old Designator=C? New Designator=C79
Change Component Designator: Old Designator=C? New Designator=C80
Change Component Designator: Old Designator=C? New Designator=C81
Change Component Designator: Old Designator=C? New Designator=C82
Change Component Designator: Old Designator=C? New Designator=C83
Change Component Designator: Old Designator=C? New Designator=C84
Change Component Designator: Old Designator=C? New Designator=C85
Change Component Designator: Old Designator=C? New Designator=C86
Change Component Designator: Old Designator=C? New Designator=C87
Change Component Designator: Old Designator=C? New Designator=C88
Change Component Designator: Old Designator=C? New Designator=C89
Change Component Designator: Old Designator=C? New Designator=C90
Change Component Designator: Old Designator=C? New Designator=C91
Change Component Designator: Old Designator=C? New Designator=C92
Change Component Designator: Old Designator=C? New Designator=C93
Change Component Designator: Old Designator=C? New Designator=C94
Change Component Designator: Old Designator=C? New Designator=C95
Change Component Designator: Old Designator=C? New Designator=C96
Change Component Designator: Old Designator=L? New Designator=L4
Change Component Designator: Old Designator=L? New Designator=L5
Change Component Designator: Old Designator=L? New Designator=L6
Change Component Designator: Old Designator=L? New Designator=L7
Change Component Designator: Old Designator=L? New Designator=L8
Change Component Designator: Old Designator=L? New Designator=L9
Change Component Designator: Old Designator=R? New Designator=R58
Change Component Designator: Old Designator=R? New Designator=R59
Change Component Designator: Old Designator=R? New Designator=R60
Change Component Designator: Old Designator=R? New Designator=R61
Change Component Designator: Old Designator=R? New Designator=R62
Change Component Designator: Old Designator=R? New Designator=R63
Change Component Designator: Old Designator=R? New Designator=R64
Change Component Designator: Old Designator=R? New Designator=R65
Change Component Designator: Old Designator=R? New Designator=R66
Change Component Designator: Old Designator=R? New Designator=R67
Change Component Designator: Old Designator=R? New Designator=R68
Change Component Designator: Old Designator=U? New Designator=U10
Change Component Designator: Old Designator=Y? New Designator=Y2
