Removed Pin From Net: NetName=GND Pin=ADIN1-2
Removed Pin From Net: NetName=GND Pin=ADIN1-2
Removed Pin From Net: NetName=GND Pin=ADIN1-2
Removed Pin From Net: NetName=GND Pin=ADIN1-2
Removed Pin From Net: NetName=GND Pin=ADIN2-2
Removed Pin From Net: NetName=GND Pin=ADIN2-2
Removed Pin From Net: NetName=GND Pin=ADIN2-2
Removed Pin From Net: NetName=GND Pin=ADIN2-2
Removed Pin From Net: NetName=GND Pin=C97_4-2
Removed Pin From Net: NetName=GND Pin=IC1_4-2
Removed Pin From Net: NetName=+5 Pin=IC1_4-5
Removed Pin From Net: NetName=+5 Pin=R69_4-2
Removed Pin From Net: NetName=PC3 Pin=R70_4-2
Removed Pin From Net: NetName=GND Pin=R71_4-1
Removed Pin From Net: NetName=GND Pin=R72_4-1
Removed Pin From Net: NetName=PC3 Pin=R72_4-2
Removed Pin From Net: NetName=PC1 Pin=R75-1
Removed Member From Class: ClassName=Main Member=ADIN1
Removed Member From Class: ClassName=Main Member=ADIN2
Removed Member From Class: ClassName=Main Member=R75
Change Component Designator: OldDesignator=C97_5 NewDesignator=C97_4
Change Component Designator: OldDesignator=C97_6 NewDesignator=C97_5
Change Component Designator: OldDesignator=C98_5 NewDesignator=C98_4
Change Component Designator: OldDesignator=C98_6 NewDesignator=C98_5
Change Component Designator: OldDesignator=C99_5 NewDesignator=C99_4
Change Component Designator: OldDesignator=C99_6 NewDesignator=C99_5
Change Component Designator: OldDesignator=IC1_5 NewDesignator=IC1_4
Change Component Designator: OldDesignator=IC1_6 NewDesignator=IC1_5
Change Component Designator: OldDesignator=R69_5 NewDesignator=R69_4
Change Component Designator: OldDesignator=R69_6 NewDesignator=R69_5
Change Component Designator: OldDesignator=R70_5 NewDesignator=R70_4
Change Component Designator: OldDesignator=R70_6 NewDesignator=R70_5
Change Component Designator: OldDesignator=R71_5 NewDesignator=R71_4
Change Component Designator: OldDesignator=R71_6 NewDesignator=R71_5
Change Component Designator: OldDesignator=R72_5 NewDesignator=R72_4
Change Component Designator: OldDesignator=R72_6 NewDesignator=R72_5
Change Component Designator: OldDesignator=R73_5 NewDesignator=R73_4
Change Component Designator: OldDesignator=R73_6 NewDesignator=R73_5
Change Component Designator: OldDesignator=R74_5 NewDesignator=R74_4
Change Component Designator: OldDesignator=R74_6 NewDesignator=R74_5
Change Net Name : Old Net Name=NetC97_5_1 New Net Name=NetC97_4_1
Change Net Name : Old Net Name=NetC97_6_1 New Net Name=NetC97_5_1
Change Net Name : Old Net Name=NetC98_5_2 New Net Name=NetC98_4_2
Change Net Name : Old Net Name=NetC98_6_2 New Net Name=NetC98_5_2
Change Net Name : Old Net Name=NetC99_5_1 New Net Name=NetC99_4_1
Change Net Name : Old Net Name=NetC99_5_2 New Net Name=NetC99_4_2
Change Net Name : Old Net Name=NetC99_6_1 New Net Name=NetC99_5_1
Change Net Name : Old Net Name=NetC99_6_2 New Net Name=NetC99_5_2
Change Net Name : Old Net Name=SOT_23_IN_5 New Net Name=SOT_23_IN_4
Change Net Name : Old Net Name=SOT_23_IN_6 New Net Name=SOT_23_IN_5
