Added Component: Designator=C50(0603_C)
Add component (AddParameter): Name = "BOM名称"; Value = "无极性贴片电容"; VariantName = "[No Variations]"
Add component (AddParameter): Name = "学习资源"; Value = "https://shop463601444.taobao.com"; VariantName = "[No Variations]"
Add component (AddParameter): Name = "淘宝ID"; Value = "黄晶宝石"; VariantName = "[No Variations]"
Added Component: Designator=C51(0603_C)
Add component (AddParameter): Name = "BOM名称"; Value = "无极性贴片电容"; VariantName = "[No Variations]"
Add component (AddParameter): Name = "学习资源"; Value = "https://shop463601444.taobao.com"; VariantName = "[No Variations]"
Add component (AddParameter): Name = "淘宝ID"; Value = "黄晶宝石"; VariantName = "[No Variations]"
Added Component: Designator=C52(0603_C)
Add component (AddParameter): Name = "BOM名称"; Value = "无极性贴片电容"; VariantName = "[No Variations]"
Add component (AddParameter): Name = "学习资源"; Value = "https://shop463601444.taobao.com"; VariantName = "[No Variations]"
Add component (AddParameter): Name = "淘宝ID"; Value = "黄晶宝石"; VariantName = "[No Variations]"
Added Component: Designator=C53(0603_C)
Add component (AddParameter): Name = "BOM名称"; Value = "无极性贴片电容"; VariantName = "[No Variations]"
Add component (AddParameter): Name = "学习资源"; Value = "https://shop463601444.taobao.com"; VariantName = "[No Variations]"
Add component (AddParameter): Name = "淘宝ID"; Value = "黄晶宝石"; VariantName = "[No Variations]"
Added Component: Designator=C54(0603_C)
Add component (AddParameter): Name = "BOM名称"; Value = "无极性贴片电容"; VariantName = "[No Variations]"
Add component (AddParameter): Name = "学习资源"; Value = "https://shop463601444.taobao.com"; VariantName = "[No Variations]"
Add component (AddParameter): Name = "淘宝ID"; Value = "黄晶宝石"; VariantName = "[No Variations]"
Added Component: Designator=C55(0603_C)
Add component (AddParameter): Name = "BOM名称"; Value = "无极性贴片电容"; VariantName = "[No Variations]"
Add component (AddParameter): Name = "学习资源"; Value = "https://shop463601444.taobao.com"; VariantName = "[No Variations]"
Add component (AddParameter): Name = "淘宝ID"; Value = "黄晶宝石"; VariantName = "[No Variations]"
Added Component: Designator=C56(0603_C)
Add component (AddParameter): Name = "BOM名称"; Value = "无极性贴片电容"; VariantName = "[No Variations]"
Add component (AddParameter): Name = "学习资源"; Value = "https://shop463601444.taobao.com"; VariantName = "[No Variations]"
Add component (AddParameter): Name = "淘宝ID"; Value = "黄晶宝石"; VariantName = "[No Variations]"
Added Component: Designator=C57(0603_C)
Add component (AddParameter): Name = "BOM名称"; Value = "无极性贴片电容"; VariantName = "[No Variations]"
Add component (AddParameter): Name = "学习资源"; Value = "https://shop463601444.taobao.com"; VariantName = "[No Variations]"
Add component (AddParameter): Name = "淘宝ID"; Value = "黄晶宝石"; VariantName = "[No Variations]"
Added Component: Designator=C58(0603_C)
Add component (AddParameter): Name = "BOM名称"; Value = "无极性贴片电容"; VariantName = "[No Variations]"
Add component (AddParameter): Name = "学习资源"; Value = "https://shop463601444.taobao.com"; VariantName = "[No Variations]"
Add component (AddParameter): Name = "淘宝ID"; Value = "黄晶宝石"; VariantName = "[No Variations]"
Added Component: Designator=C59(0603_C)
Add component (AddParameter): Name = "BOM名称"; Value = "无极性贴片电容"; VariantName = "[No Variations]"
Add component (AddParameter): Name = "学习资源"; Value = "https://shop463601444.taobao.com"; VariantName = "[No Variations]"
Add component (AddParameter): Name = "淘宝ID"; Value = "黄晶宝石"; VariantName = "[No Variations]"
Added Component: Designator=C60(0603_C)
Add component (AddParameter): Name = "BOM名称"; Value = "无极性贴片电容"; VariantName = "[No Variations]"
Add component (AddParameter): Name = "学习资源"; Value = "https://shop463601444.taobao.com"; VariantName = "[No Variations]"
Add component (AddParameter): Name = "淘宝ID"; Value = "黄晶宝石"; VariantName = "[No Variations]"
Added Component: Designator=C61(0603_C)
Add component (AddParameter): Name = "BOM名称"; Value = "无极性贴片电容"; VariantName = "[No Variations]"
Add component (AddParameter): Name = "学习资源"; Value = "https://shop463601444.taobao.com"; VariantName = "[No Variations]"
Add component (AddParameter): Name = "淘宝ID"; Value = "黄晶宝石"; VariantName = "[No Variations]"
Added Component: Designator=C62(0603_C)
Add component (AddParameter): Name = "BOM名称"; Value = "无极性贴片电容"; VariantName = "[No Variations]"
Add component (AddParameter): Name = "学习资源"; Value = "https://shop463601444.taobao.com"; VariantName = "[No Variations]"
Add component (AddParameter): Name = "淘宝ID"; Value = "黄晶宝石"; VariantName = "[No Variations]"
Added Component: Designator=C63(0603_C)
Add component (AddParameter): Name = "BOM名称"; Value = "无极性贴片电容"; VariantName = "[No Variations]"
Add component (AddParameter): Name = "学习资源"; Value = "https://shop463601444.taobao.com"; VariantName = "[No Variations]"
Add component (AddParameter): Name = "淘宝ID"; Value = "黄晶宝石"; VariantName = "[No Variations]"
Added Component: Designator=C64(0603_C)
Add component (AddParameter): Name = "BOM名称"; Value = "无极性贴片电容"; VariantName = "[No Variations]"
Add component (AddParameter): Name = "学习资源"; Value = "https://shop463601444.taobao.com"; VariantName = "[No Variations]"
Add component (AddParameter): Name = "淘宝ID"; Value = "黄晶宝石"; VariantName = "[No Variations]"
Added Component: Designator=C65(0603_C)
Add component (AddParameter): Name = "BOM名称"; Value = "无极性贴片电容"; VariantName = "[No Variations]"
Add component (AddParameter): Name = "学习资源"; Value = "https://shop463601444.taobao.com"; VariantName = "[No Variations]"
Add component (AddParameter): Name = "淘宝ID"; Value = "黄晶宝石"; VariantName = "[No Variations]"
Added Component: Designator=L4(0603_L)
Add component (AddParameter): Name = "Code_IEC"; Value = "1005"; VariantName = "[No Variations]"
Add component (AddParameter): Name = "Code_JEITA"; Value = "0402"; VariantName = "[No Variations]"
Add component (AddParameter): Name = "LatestRevisionDate"; Value = "29-May-2009"; VariantName = "[No Variations]"
Add component (AddParameter): Name = "LatestRevisionNote"; Value = "IPC-7351 Footprint Added."; VariantName = "[No Variations]"
Add component (AddParameter): Name = "PackageDescription"; Value = "Chip Inductor"; VariantName = "[No Variations]"
Add component (AddParameter): Name = "PackageReference"; Value = "0402-A"; VariantName = "[No Variations]"
Add component (AddParameter): Name = "Published"; Value = "8-Jun-2000"; VariantName = "[No Variations]"
Add component (AddParameter): Name = "Publisher"; Value = "Altium Limited"; VariantName = "[No Variations]"
Add component (AddParameter): Name = "Value"; Value = "10mH"; VariantName = "[No Variations]"
Added Component: Designator=L5(0603_L)
Add component (AddParameter): Name = "Code_IEC"; Value = "1005"; VariantName = "[No Variations]"
Add component (AddParameter): Name = "Code_JEITA"; Value = "0402"; VariantName = "[No Variations]"
Add component (AddParameter): Name = "LatestRevisionDate"; Value = "29-May-2009"; VariantName = "[No Variations]"
Add component (AddParameter): Name = "LatestRevisionNote"; Value = "IPC-7351 Footprint Added."; VariantName = "[No Variations]"
Add component (AddParameter): Name = "PackageDescription"; Value = "Chip Inductor"; VariantName = "[No Variations]"
Add component (AddParameter): Name = "PackageReference"; Value = "0402-A"; VariantName = "[No Variations]"
Add component (AddParameter): Name = "Published"; Value = "8-Jun-2000"; VariantName = "[No Variations]"
Add component (AddParameter): Name = "Publisher"; Value = "Altium Limited"; VariantName = "[No Variations]"
Add component (AddParameter): Name = "Value"; Value = "10mH"; VariantName = "[No Variations]"
Added Component: Designator=L6(0603_L)
Add component (AddParameter): Name = "Code_IEC"; Value = "1005"; VariantName = "[No Variations]"
Add component (AddParameter): Name = "Code_JEITA"; Value = "0402"; VariantName = "[No Variations]"
Add component (AddParameter): Name = "LatestRevisionDate"; Value = "29-May-2009"; VariantName = "[No Variations]"
Add component (AddParameter): Name = "LatestRevisionNote"; Value = "IPC-7351 Footprint Added."; VariantName = "[No Variations]"
Add component (AddParameter): Name = "PackageDescription"; Value = "Chip Inductor"; VariantName = "[No Variations]"
Add component (AddParameter): Name = "PackageReference"; Value = "0402-A"; VariantName = "[No Variations]"
Add component (AddParameter): Name = "Published"; Value = "8-Jun-2000"; VariantName = "[No Variations]"
Add component (AddParameter): Name = "Publisher"; Value = "Altium Limited"; VariantName = "[No Variations]"
Add component (AddParameter): Name = "Value"; Value = "10mH"; VariantName = "[No Variations]"
Added Component: Designator=L7(0603_L)
Add component (AddParameter): Name = "Code_IEC"; Value = "1005"; VariantName = "[No Variations]"
Add component (AddParameter): Name = "Code_JEITA"; Value = "0402"; VariantName = "[No Variations]"
Add component (AddParameter): Name = "LatestRevisionDate"; Value = "29-May-2009"; VariantName = "[No Variations]"
Add component (AddParameter): Name = "LatestRevisionNote"; Value = "IPC-7351 Footprint Added."; VariantName = "[No Variations]"
Add component (AddParameter): Name = "PackageDescription"; Value = "Chip Inductor"; VariantName = "[No Variations]"
Add component (AddParameter): Name = "PackageReference"; Value = "0402-A"; VariantName = "[No Variations]"
Add component (AddParameter): Name = "Published"; Value = "8-Jun-2000"; VariantName = "[No Variations]"
Add component (AddParameter): Name = "Publisher"; Value = "Altium Limited"; VariantName = "[No Variations]"
Add component (AddParameter): Name = "Value"; Value = "10mH"; VariantName = "[No Variations]"
Added Component: Designator=L8(0603_L)
Add component (AddParameter): Name = "Code_IEC"; Value = "1005"; VariantName = "[No Variations]"
Add component (AddParameter): Name = "Code_JEITA"; Value = "0402"; VariantName = "[No Variations]"
Add component (AddParameter): Name = "LatestRevisionDate"; Value = "29-May-2009"; VariantName = "[No Variations]"
Add component (AddParameter): Name = "LatestRevisionNote"; Value = "IPC-7351 Footprint Added."; VariantName = "[No Variations]"
Add component (AddParameter): Name = "PackageDescription"; Value = "Chip Inductor"; VariantName = "[No Variations]"
Add component (AddParameter): Name = "PackageReference"; Value = "0402-A"; VariantName = "[No Variations]"
Add component (AddParameter): Name = "Published"; Value = "8-Jun-2000"; VariantName = "[No Variations]"
Add component (AddParameter): Name = "Publisher"; Value = "Altium Limited"; VariantName = "[No Variations]"
Add component (AddParameter): Name = "Value"; Value = "10mH"; VariantName = "[No Variations]"
Added Component: Designator=L9(0603_L)
Add component (AddParameter): Name = "Code_IEC"; Value = "1005"; VariantName = "[No Variations]"
Add component (AddParameter): Name = "Code_JEITA"; Value = "0402"; VariantName = "[No Variations]"
Add component (AddParameter): Name = "LatestRevisionDate"; Value = "29-May-2009"; VariantName = "[No Variations]"
Add component (AddParameter): Name = "LatestRevisionNote"; Value = "IPC-7351 Footprint Added."; VariantName = "[No Variations]"
Add component (AddParameter): Name = "PackageDescription"; Value = "Chip Inductor"; VariantName = "[No Variations]"
Add component (AddParameter): Name = "PackageReference"; Value = "0402-A"; VariantName = "[No Variations]"
Add component (AddParameter): Name = "Published"; Value = "8-Jun-2000"; VariantName = "[No Variations]"
Add component (AddParameter): Name = "Publisher"; Value = "Altium Limited"; VariantName = "[No Variations]"
Add component (AddParameter): Name = "Value"; Value = "10mH"; VariantName = "[No Variations]"
Added Component: Designator=LCD1(LCD_3.2)
Added Component: Designator=U10(TSSOP20_N)
Added Pin To Net: NetName=PC12 Pin=C50-1
Added Pin To Net: NetName=GND Pin=C50-2
Added Pin To Net: NetName=PC11 Pin=C51-1
Added Pin To Net: NetName=GND Pin=C51-2
Added Pin To Net: NetName=PC10 Pin=C52-1
Added Pin To Net: NetName=GND Pin=C52-2
Added Pin To Net: NetName=PE3 Pin=C53-1
Added Pin To Net: NetName=GND Pin=C53-2
Added Pin To Net: NetName=PE4 Pin=C54-1
Added Pin To Net: NetName=GND Pin=C54-2
Added Pin To Net: NetName=PC15 Pin=C55-1
Added Pin To Net: NetName=GND Pin=C55-2
Added Pin To Net: NetName=PC14 Pin=C56-1
Added Pin To Net: NetName=GND Pin=C56-2
Added Pin To Net: NetName=PC13 Pin=C57-1
Added Pin To Net: NetName=GND Pin=C57-2
Added Pin To Net: NetName=PE6 Pin=C58-1
Added Pin To Net: NetName=GND Pin=C58-2
Added Pin To Net: NetName=PE5 Pin=C59-1
Added Pin To Net: NetName=GND Pin=C59-2
Added Pin To Net: NetName=DGND Pin=C60-1
Added Pin To Net: NetName=K1 Pin=C60-2
Added Pin To Net: NetName=DGND Pin=C61-1
Added Pin To Net: NetName=K1 Pin=C61-2
Added Pin To Net: NetName=K2 Pin=C62-1
Added Pin To Net: NetName=DGND Pin=C62-2
Added Pin To Net: NetName=NetC63_1 Pin=C63-1
Added Pin To Net: NetName=DGND Pin=C63-2
Added Pin To Net: NetName=K2 Pin=C64-1
Added Pin To Net: NetName=DGND Pin=C64-2
Added Pin To Net: NetName=NetC65_1 Pin=C65-1
Added Pin To Net: NetName=DGND Pin=C65-2
Added Pin To Net: NetName=NetC77_1 Pin=L4-1
Added Pin To Net: NetName=NetC77_2 Pin=L4-2
Added Pin To Net: NetName=NetC77_2 Pin=L5-1
Added Pin To Net: NetName=NetC78_2 Pin=L5-2
Added Pin To Net: NetName=NetL6_1 Pin=L6-1
Added Pin To Net: NetName=NetC77_1 Pin=L6-2
Added Pin To Net: NetName=NetC85_1 Pin=L7-1
Added Pin To Net: NetName=NetC85_2 Pin=L7-2
Added Pin To Net: NetName=NetC85_2 Pin=L8-1
Added Pin To Net: NetName=NetC86_2 Pin=L8-2
Added Pin To Net: NetName=NetL9_1 Pin=L9-1
Added Pin To Net: NetName=NetC85_1 Pin=L9-2
Added Pin To Net: NetName=FMC_NE1 Pin=LCD1-1
Added Pin To Net: NetName=LCD_RS Pin=LCD1-2
Added Pin To Net: NetName=FMC_NWE Pin=LCD1-3
Added Pin To Net: NetName=FMC_NOE Pin=LCD1-4
Added Pin To Net: NetName=RESET Pin=LCD1-5
Added Pin To Net: NetName=FMC_D0 Pin=LCD1-6
Added Pin To Net: NetName=FMC_D1 Pin=LCD1-7
Added Pin To Net: NetName=FMC_D2 Pin=LCD1-8
Added Pin To Net: NetName=FMC_D3 Pin=LCD1-9
Added Pin To Net: NetName=FMC_D4 Pin=LCD1-10
Added Pin To Net: NetName=FMC_D5 Pin=LCD1-11
Added Pin To Net: NetName=FMC_D6 Pin=LCD1-12
Added Pin To Net: NetName=FMC_D7 Pin=LCD1-13
Added Pin To Net: NetName=FMC_D8 Pin=LCD1-14
Added Pin To Net: NetName=FMC_D9 Pin=LCD1-15
Added Pin To Net: NetName=FMC_D10 Pin=LCD1-16
Added Pin To Net: NetName=FMC_D11 Pin=LCD1-17
Added Pin To Net: NetName=FMC_D12 Pin=LCD1-18
Added Pin To Net: NetName=FMC_D13 Pin=LCD1-19
Added Pin To Net: NetName=FMC_D14 Pin=LCD1-20
Added Pin To Net: NetName=FMC_D15 Pin=LCD1-21
Added Pin To Net: NetName=GND Pin=LCD1-22
Added Pin To Net: NetName=VCC3.3 Pin=LCD1-23
Added Pin To Net: NetName=VCC3.3 Pin=LCD1-24
Added Pin To Net: NetName=VCC3.3 Pin=LCD1-25
Added Pin To Net: NetName=GND Pin=LCD1-26
Added Pin To Net: NetName=GND Pin=LCD1-27
Added Pin To Net: NetName=+5 Pin=LCD1-28
Added Pin To Net: NetName=PB14 Pin=LCD1-29
Added Pin To Net: NetName=PB15 Pin=LCD1-30
Added Pin To Net: NetName=PB15 Pin=LCD1-31
Added Pin To Net: NetName=PB12 Pin=LCD1-33
Added Pin To Net: NetName=PB13 Pin=LCD1-34
Added Pin To Net: NetName=NetC82_2 Pin=U10-1
Added Pin To Net: NetName=NetC83_2 Pin=U10-2
Added Pin To Net: NetName=NetC84_2 Pin=U10-3
Added Pin To Net: NetName=+5 Pin=U10-4
Added Pin To Net: NetName=NetR67_2 Pin=U10-5
Added Pin To Net: NetName=NetC87_2 Pin=U10-6
Added Pin To Net: NetName=GND Pin=U10-7
Added Pin To Net: NetName=75M Pin=U10-8
Added Pin To Net: NetName=FS Pin=U10-9
Added Pin To Net: NetName=PB0 Pin=U10-10
Added Pin To Net: NetName=PC4 Pin=U10-11
Added Pin To Net: NetName=GND Pin=U10-12
Added Pin To Net: NetName=PA7 Pin=U10-13
Added Pin To Net: NetName=PA5 Pin=U10-14
Added Pin To Net: NetName=FSYN Pin=U10-15
Added Pin To Net: NetName=NetR66_1 Pin=U10-17
Added Pin To Net: NetName=GND Pin=U10-18
Added Pin To Net: NetName=NetL9_1 Pin=U10-19
Added Pin To Net: NetName=NetL6_1 Pin=U10-20
Added Member To Class: ClassName=U_Core_h750vb Member=Component C50 104
Added Member To Class: ClassName=U_Core_h750vb Member=Component C51 104
Added Member To Class: ClassName=U_Core_h750vb Member=Component C52 104
Added Member To Class: ClassName=U_Core_h750vb Member=Component C53 104
Added Member To Class: ClassName=U_Core_h750vb Member=Component C54 104
Added Member To Class: ClassName=U_Core_h750vb Member=Component C55 104
Added Member To Class: ClassName=U_Core_h750vb Member=Component C56 104
Added Member To Class: ClassName=U_Core_h750vb Member=Component C57 104
Added Member To Class: ClassName=U_Core_h750vb Member=Component C58 104
Added Member To Class: ClassName=U_Core_h750vb Member=Component C59 104
Added Member To Class: ClassName=U_Core_h750vb Member=Component C60 104
Added Member To Class: ClassName=U_Core_h750vb Member=Component C61 104
Added Member To Class: ClassName=U_Core_h750vb Member=Component C62 104
Added Member To Class: ClassName=U_Core_h750vb Member=Component C63 104
Added Member To Class: ClassName=U_Core_h750vb Member=Component C64 104
Added Member To Class: ClassName=U_Core_h750vb Member=Component C65 104
Added Member To Class: ClassName=U_AD9834 Member=Component L4 699.1nH
Added Member To Class: ClassName=U_AD9834 Member=Component L5 596.4nH
Added Member To Class: ClassName=U_AD9834 Member=Component L6 22uH
Added Member To Class: ClassName=U_AD9834 Member=Component L7 699.1nH
Added Member To Class: ClassName=U_AD9834 Member=Component L8 596.4nH
Added Member To Class: ClassName=U_AD9834 Member=Component L9 22uH
Added Member To Class: ClassName=U_Core_h750vb Member=Component LCD1 3.2_LCD
Added Member To Class: ClassName=U_AD9834 Member=Component U10 AD9834
