Removed Pin From Net: NetName=VCC Pin=Y2-4
Change Component Designator: OldDesignator=C97_U_analog1 NewDesignator=C97_U4
Change Component Designator: OldDesignator=C97_U_analog2 NewDesignator=C97_U5
Change Component Designator: OldDesignator=C97_U_analog3 NewDesignator=C97_U6
Change Component Designator: OldDesignator=C97_U_analog4 NewDesignator=C97_U3
Change Component Designator: OldDesignator=C97_U_analog5 NewDesignator=C97_U2
Change Component Designator: OldDesignator=C97_U_analog6 NewDesignator=C97_U1
Change Component Designator: OldDesignator=C98_U_analog1 NewDesignator=C98_U4
Change Component Designator: OldDesignator=C98_U_analog2 NewDesignator=C98_U5
Change Component Designator: OldDesignator=C98_U_analog3 NewDesignator=C98_U6
Change Component Designator: OldDesignator=C98_U_analog4 NewDesignator=C98_U3
Change Component Designator: OldDesignator=C98_U_analog5 NewDesignator=C98_U2
Change Component Designator: OldDesignator=C98_U_analog6 NewDesignator=C98_U1
Change Component Designator: OldDesignator=C99_U_analog1 NewDesignator=C99_U4
Change Component Designator: OldDesignator=C99_U_analog2 NewDesignator=C99_U5
Change Component Designator: OldDesignator=C99_U_analog3 NewDesignator=C99_U6
Change Component Designator: OldDesignator=C99_U_analog4 NewDesignator=C99_U3
Change Component Designator: OldDesignator=C99_U_analog5 NewDesignator=C99_U2
Change Component Designator: OldDesignator=C99_U_analog6 NewDesignator=C99_U1
Change Component Designator: OldDesignator=IC1_U_analog1 NewDesignator=IC1_U4
Change Component Designator: OldDesignator=IC1_U_analog2 NewDesignator=IC1_U5
Change Component Designator: OldDesignator=IC1_U_analog3 NewDesignator=IC1_U6
Change Component Designator: OldDesignator=IC1_U_analog4 NewDesignator=IC1_U3
Change Component Designator: OldDesignator=IC1_U_analog5 NewDesignator=IC1_U2
Change Component Designator: OldDesignator=IC1_U_analog6 NewDesignator=IC1_U1
Change Component Designator: OldDesignator=R69_U_analog1 NewDesignator=R69_U4
Change Component Designator: OldDesignator=R69_U_analog2 NewDesignator=R69_U5
Change Component Designator: OldDesignator=R69_U_analog3 NewDesignator=R69_U6
Change Component Designator: OldDesignator=R69_U_analog4 NewDesignator=R69_U3
Change Component Designator: OldDesignator=R69_U_analog5 NewDesignator=R69_U2
Change Component Designator: OldDesignator=R69_U_analog6 NewDesignator=R69_U1
Change Component Designator: OldDesignator=R70_U_analog1 NewDesignator=R70_U4
Change Component Designator: OldDesignator=R70_U_analog2 NewDesignator=R70_U5
Change Component Designator: OldDesignator=R70_U_analog3 NewDesignator=R70_U6
Change Component Designator: OldDesignator=R70_U_analog4 NewDesignator=R70_U3
Change Component Designator: OldDesignator=R70_U_analog5 NewDesignator=R70_U2
Change Component Designator: OldDesignator=R70_U_analog6 NewDesignator=R70_U1
Change Component Designator: OldDesignator=R71_U_analog1 NewDesignator=R71_U4
Change Component Designator: OldDesignator=R71_U_analog2 NewDesignator=R71_U5
Change Component Designator: OldDesignator=R71_U_analog3 NewDesignator=R71_U6
Change Component Designator: OldDesignator=R71_U_analog4 NewDesignator=R71_U3
Change Component Designator: OldDesignator=R71_U_analog5 NewDesignator=R71_U2
Change Component Designator: OldDesignator=R71_U_analog6 NewDesignator=R71_U1
Change Component Designator: OldDesignator=R72_U_analog1 NewDesignator=R72_U4
Change Component Designator: OldDesignator=R72_U_analog2 NewDesignator=R72_U5
Change Component Designator: OldDesignator=R72_U_analog3 NewDesignator=R72_U6
Change Component Designator: OldDesignator=R72_U_analog4 NewDesignator=R72_U3
Change Component Designator: OldDesignator=R72_U_analog5 NewDesignator=R72_U2
Change Component Designator: OldDesignator=R72_U_analog6 NewDesignator=R72_U1
Change Component Designator: OldDesignator=R73_U_analog1 NewDesignator=R73_U4
Change Component Designator: OldDesignator=R73_U_analog2 NewDesignator=R73_U5
Change Component Designator: OldDesignator=R73_U_analog3 NewDesignator=R73_U6
Change Component Designator: OldDesignator=R73_U_analog4 NewDesignator=R73_U3
Change Component Designator: OldDesignator=R73_U_analog5 NewDesignator=R73_U2
Change Component Designator: OldDesignator=R73_U_analog6 NewDesignator=R73_U1
Change Component Designator: OldDesignator=R74_U_analog1 NewDesignator=R74_U4
Change Component Designator: OldDesignator=R74_U_analog2 NewDesignator=R74_U5
Change Component Designator: OldDesignator=R74_U_analog3 NewDesignator=R74_U6
Change Component Designator: OldDesignator=R74_U_analog4 NewDesignator=R74_U3
Change Component Designator: OldDesignator=R74_U_analog5 NewDesignator=R74_U2
Change Component Designator: OldDesignator=R74_U_analog6 NewDesignator=R74_U1
Added Pin To Net: NetName=VCC3.3 Pin=Y2-4
Change Net Name : Old Net Name=NetC97_U_analog1_1 New Net Name=NetC97_U4_1
Change Net Name : Old Net Name=NetC97_U_analog2_1 New Net Name=NetC97_U5_1
Change Net Name : Old Net Name=NetC97_U_analog3_1 New Net Name=NetC97_U6_1
Change Net Name : Old Net Name=NetC97_U_analog4_1 New Net Name=NetC97_U3_1
Change Net Name : Old Net Name=NetC97_U_analog5_1 New Net Name=NetC97_U2_1
Change Net Name : Old Net Name=NetC97_U_analog6_1 New Net Name=NetC97_U1_1
Change Net Name : Old Net Name=NetC98_U_analog1_2 New Net Name=NetC98_U4_2
Change Net Name : Old Net Name=NetC98_U_analog2_2 New Net Name=NetC98_U5_2
Change Net Name : Old Net Name=NetC98_U_analog3_2 New Net Name=NetC98_U6_2
Change Net Name : Old Net Name=NetC98_U_analog4_2 New Net Name=NetC98_U3_2
Change Net Name : Old Net Name=NetC98_U_analog5_2 New Net Name=NetC98_U2_2
Change Net Name : Old Net Name=NetC98_U_analog6_2 New Net Name=NetC98_U1_2
Change Net Name : Old Net Name=NetC99_U_analog1_1 New Net Name=NetC99_U4_1
Change Net Name : Old Net Name=NetC99_U_analog1_2 New Net Name=NetC99_U4_2
Change Net Name : Old Net Name=NetC99_U_analog2_1 New Net Name=NetC99_U5_1
Change Net Name : Old Net Name=NetC99_U_analog2_2 New Net Name=NetC99_U5_2
Change Net Name : Old Net Name=NetC99_U_analog3_1 New Net Name=NetC99_U6_1
Change Net Name : Old Net Name=NetC99_U_analog3_2 New Net Name=NetC99_U6_2
Change Net Name : Old Net Name=NetC99_U_analog4_1 New Net Name=NetC99_U3_1
Change Net Name : Old Net Name=NetC99_U_analog4_2 New Net Name=NetC99_U3_2
Change Net Name : Old Net Name=NetC99_U_analog5_1 New Net Name=NetC99_U2_1
Change Net Name : Old Net Name=NetC99_U_analog5_2 New Net Name=NetC99_U2_2
Change Net Name : Old Net Name=NetC99_U_analog6_1 New Net Name=NetC99_U1_1
Change Net Name : Old Net Name=NetC99_U_analog6_2 New Net Name=NetC99_U1_2
Change Net Name : Old Net Name=SOT_23_IN_U_analog1 New Net Name=SOT_23_IN_U4
Change Net Name : Old Net Name=SOT_23_IN_U_analog2 New Net Name=SOT_23_IN_U5
Change Net Name : Old Net Name=SOT_23_IN_U_analog3 New Net Name=SOT_23_IN_U6
Change Class Name : Old Net Name=U_analog1 New Net Name=U4
Change Class Name : Old Net Name=U_analog2 New Net Name=U5
Change Class Name : Old Net Name=U_analog3 New Net Name=U6
Change Class Name : Old Net Name=U_analog4 New Net Name=U3
Change Class Name : Old Net Name=U_analog5 New Net Name=U2
Change Class Name : Old Net Name=U_analog6 New Net Name=U1
