Removed Pin From Net: NetName=PB1 Pin=R5-1
Removed Pin From Net: NetName=PB1 Pin=R8-2
Added Component: Designator=C58(0603_C)
Add component (AddParameter): Name = "BOM名称"; Value = "无极性贴片电容"; VariantName = "[No Variations]"
Add component (AddParameter): Name = "学习资源"; Value = "https://shop463601444.taobao.com"; VariantName = "[No Variations]"
Add component (AddParameter): Name = "淘宝ID"; Value = "黄晶宝石"; VariantName = "[No Variations]"
Added Component: Designator=C59(0603_C)
Add component (AddParameter): Name = "BOM名称"; Value = "无极性贴片电容"; VariantName = "[No Variations]"
Add component (AddParameter): Name = "学习资源"; Value = "https://shop463601444.taobao.com"; VariantName = "[No Variations]"
Add component (AddParameter): Name = "淘宝ID"; Value = "黄晶宝石"; VariantName = "[No Variations]"
Added Component: Designator=K9(SW_PB2_A1)
Add component (AddParameter): Name = "LatestRevisionDate"; Value = "17-Jul-2002"; VariantName = "[No Variations]"
Add component (AddParameter): Name = "LatestRevisionNote"; Value = "Re-released for DXP Platform."; VariantName = "[No Variations]"
Add component (AddParameter): Name = "PackageReference"; Value = "SPST-2"; VariantName = "[No Variations]"
Add component (AddParameter): Name = "Published"; Value = "24-Mar-1999"; VariantName = "[No Variations]"
Add component (AddParameter): Name = "Publisher"; Value = "Altium Limited"; VariantName = "[No Variations]"
Added Component: Designator=K10(SW_PB2_A1)
Add component (AddParameter): Name = "LatestRevisionDate"; Value = "17-Jul-2002"; VariantName = "[No Variations]"
Add component (AddParameter): Name = "LatestRevisionNote"; Value = "Re-released for DXP Platform."; VariantName = "[No Variations]"
Add component (AddParameter): Name = "PackageReference"; Value = "SPST-2"; VariantName = "[No Variations]"
Add component (AddParameter): Name = "Published"; Value = "24-Mar-1999"; VariantName = "[No Variations]"
Add component (AddParameter): Name = "Publisher"; Value = "Altium Limited"; VariantName = "[No Variations]"
Added Component: Designator=R32(0603-1)
Add component (AddParameter): Name = "LatestRevisionDate"; Value = "17-Jul-2002"; VariantName = "[No Variations]"
Add component (AddParameter): Name = "LatestRevisionNote"; Value = "Re-released for DXP Platform."; VariantName = "[No Variations]"
Add component (AddParameter): Name = "PackageReference"; Value = "AXIAL-0.4"; VariantName = "[No Variations]"
Add component (AddParameter): Name = "Published"; Value = "8-Jun-2000"; VariantName = "[No Variations]"
Add component (AddParameter): Name = "Publisher"; Value = "Altium Limited"; VariantName = "[No Variations]"
Add component (AddParameter): Name = "Value"; Value = "10K"; VariantName = "[No Variations]"
Added Component: Designator=R33(0603-1)
Add component (AddParameter): Name = "LatestRevisionDate"; Value = "17-Jul-2002"; VariantName = "[No Variations]"
Add component (AddParameter): Name = "LatestRevisionNote"; Value = "Re-released for DXP Platform."; VariantName = "[No Variations]"
Add component (AddParameter): Name = "PackageReference"; Value = "AXIAL-0.4"; VariantName = "[No Variations]"
Add component (AddParameter): Name = "Published"; Value = "8-Jun-2000"; VariantName = "[No Variations]"
Add component (AddParameter): Name = "Publisher"; Value = "Altium Limited"; VariantName = "[No Variations]"
Add component (AddParameter): Name = "Value"; Value = "10K"; VariantName = "[No Variations]"
Added Pin To Net: NetName=PC14 Pin=C58-1
Added Pin To Net: NetName=DGND Pin=C58-2
Added Pin To Net: NetName=PC13 Pin=C59-1
Added Pin To Net: NetName=DGND Pin=C59-2
Added Pin To Net: NetName=PC14 Pin=K9-1
Added Pin To Net: NetName=DGND Pin=K9-2
Added Pin To Net: NetName=PC13 Pin=K10-1
Added Pin To Net: NetName=DGND Pin=K10-2
Added Pin To Net: NetName=PC1 Pin=R5-1
Added Pin To Net: NetName=PC1 Pin=R8-2
Added Pin To Net: NetName=PC14 Pin=R32-1
Added Pin To Net: NetName=VCC3.3 Pin=R32-2
Added Pin To Net: NetName=PC13 Pin=R33-1
Added Pin To Net: NetName=VCC3.3 Pin=R33-2
Added Member To Class: ClassName=U_Core_h750vb Member=Component C58 104
Added Member To Class: ClassName=U_Core_h750vb Member=Component C59 104
Added Member To Class: ClassName=U_Core_h750vb Member=Component K9 SW-PB
Added Member To Class: ClassName=U_Core_h750vb Member=Component K10 SW-PB
Added Member To Class: ClassName=U_Core_h750vb Member=Component R32 10K
Added Member To Class: ClassName=U_Core_h750vb Member=Component R33 10K
